# JRE version: Java(TM) SE Runtime Environment 18.9 (11.0.12+8) (build 11.0.12+8-LTS-237)
# Java VM: Java HotSpot(TM) 64-Bit Server VM 18.9 (11.0.12+8-LTS-237, mixed mode, tiered, compressed oops, g1 gc, windows-amd64)
Heap:
 garbage-first heap   total 189440K, used 56320K [0x0000000081600000, 0x0000000100000000)
  region size 1024K, 7 young (7168K), 3 survivors (3072K)
 Metaspace       used 35358K, capacity 36145K, committed 36508K, reserved 1081344K
  class space    used 3720K, capacity 3982K, committed 4096K, reserved 1048576K
GC Heap History (10 events):
Event: 6.182 GC heap before
{Heap before GC invocations=7 (full 0):
 garbage-first heap   total 157696K, used 79903K [0x0000000081600000, 0x0000000100000000)
  region size 1024K, 68 young (69632K), 5 survivors (5120K)
 Metaspace       used 30720K, capacity 31354K, committed 31664K, reserved 1077248K
  class space    used 3297K, capacity 3499K, committed 3584K, reserved 1048576K
}
Event: 6.197 GC heap after
{Heap after GC invocations=8 (full 0):
 garbage-first heap   total 157696K, used 22390K [0x0000000081600000, 0x0000000100000000)
  region size 1024K, 9 young (9216K), 9 survivors (9216K)
 Metaspace       used 30720K, capacity 31354K, committed 31664K, reserved 1077248K
  class space    used 3297K, capacity 3499K, committed 3584K, reserved 1048576K
}
Event: 7.122 GC heap before
{Heap before GC invocations=8 (full 0):
 garbage-first heap   total 157696K, used 96118K [0x0000000081600000, 0x0000000100000000)
  region size 1024K, 81 young (82944K), 9 survivors (9216K)
 Metaspace       used 31401K, capacity 32103K, committed 32304K, reserved 1077248K
  class space    used 3356K, capacity 3597K, committed 3712K, reserved 1048576K
}
Event: 7.148 GC heap after
{Heap after GC invocations=9 (full 0):
 garbage-first heap   total 157696K, used 32598K [0x0000000081600000, 0x0000000100000000)
  region size 1024K, 9 young (9216K), 9 survivors (9216K)
 Metaspace       used 31401K, capacity 32103K, committed 32304K, reserved 1077248K
  class space    used 3356K, capacity 3597K, committed 3712K, reserved 1048576K
}
Event: 8.297 GC heap before
{Heap before GC invocations=9 (full 0):
 garbage-first heap   total 157696K, used 103254K [0x0000000081600000, 0x0000000100000000)
  region size 1024K, 77 young (78848K), 9 survivors (9216K)
 Metaspace       used 32788K, capacity 33488K, committed 33712K, reserved 1079296K
  class space    used 3498K, capacity 3738K, committed 3840K, reserved 1048576K
}
Event: 8.319 GC heap after
{Heap after GC invocations=10 (full 0):
 garbage-first heap   total 157696K, used 41953K [0x0000000081600000, 0x0000000100000000)
  region size 1024K, 9 young (9216K), 9 survivors (9216K)
 Metaspace       used 32788K, capacity 33488K, committed 33712K, reserved 1079296K
  class space    used 3498K, capacity 3738K, committed 3840K, reserved 1048576K
}
Event: 8.980 GC heap before
{Heap before GC invocations=10 (full 0):
 garbage-first heap   total 157696K, used 108513K [0x0000000081600000, 0x0000000100000000)
  region size 1024K, 74 young (75776K), 9 survivors (9216K)
 Metaspace       used 32829K, capacity 33490K, committed 33712K, reserved 1079296K
  class space    used 3498K, capacity 3738K, committed 3840K, reserved 1048576K
}
Event: 8.998 GC heap after
{Heap after GC invocations=11 (full 0):
 garbage-first heap   total 189440K, used 52371K [0x0000000081600000, 0x0000000100000000)
  region size 1024K, 10 young (10240K), 10 survivors (10240K)
 Metaspace       used 32829K, capacity 33490K, committed 33712K, reserved 1079296K
  class space    used 3498K, capacity 3738K, committed 3840K, reserved 1048576K
}
Event: 10.275 GC heap before
{Heap before GC invocations=11 (full 0):
 garbage-first heap   total 189440K, used 103571K [0x0000000081600000, 0x0000000100000000)
  region size 1024K, 61 young (62464K), 10 survivors (10240K)
 Metaspace       used 35093K, capacity 35845K, committed 35888K, reserved 1081344K
  class space    used 3688K, capacity 3945K, committed 3968K, reserved 1048576K
}
Event: 10.292 GC heap after
{Heap after GC invocations=12 (full 0):
 garbage-first heap   total 189440K, used 54272K [0x0000000081600000, 0x0000000100000000)
  region size 1024K, 3 young (3072K), 3 survivors (3072K)
 Metaspace       used 35093K, capacity 35845K, committed 35888K, reserved 1081344K
  class space    used 3688K, capacity 3945K, committed 3968K, reserved 1048576K
}

