# JRE version: Java(TM) SE Runtime Environment 18.9 (11.0.12+8) (build 11.0.12+8-LTS-237)
# Java VM: Java HotSpot(TM) 64-Bit Server VM 18.9 (11.0.12+8-LTS-237, mixed mode, tiered, compressed oops, g1 gc, windows-amd64)
Heap:
 garbage-first heap   total 189440K, used 97803K [0x0000000081600000, 0x0000000100000000)
  region size 1024K, 80 young (81920K), 11 survivors (11264K)
 Metaspace       used 65327K, capacity 67307K, committed 67616K, reserved 1107968K
  class space    used 8613K, capacity 9420K, committed 9512K, reserved 1048576K
GC Heap History (10 events):
Event: 5.862 GC heap before
{Heap before GC invocations=7 (full 0):
 garbage-first heap   total 157696K, used 29862K [0x0000000081600000, 0x0000000100000000)
  region size 1024K, 24 young (24576K), 7 survivors (7168K)
 Metaspace       used 34560K, capacity 35518K, committed 35584K, reserved 1081344K
  class space    used 4169K, capacity 4578K, committed 4608K, reserved 1048576K
}
Event: 5.878 GC heap after
{Heap after GC invocations=8 (full 0):
 garbage-first heap   total 157696K, used 14011K [0x0000000081600000, 0x0000000100000000)
  region size 1024K, 7 young (7168K), 7 survivors (7168K)
 Metaspace       used 34560K, capacity 35518K, committed 35584K, reserved 1081344K
  class space    used 4169K, capacity 4578K, committed 4608K, reserved 1048576K
}
Event: 8.357 GC heap before
{Heap before GC invocations=9 (full 0):
 garbage-first heap   total 157696K, used 101051K [0x0000000081600000, 0x0000000100000000)
  region size 1024K, 92 young (94208K), 7 survivors (7168K)
 Metaspace       used 42933K, capacity 44275K, committed 44408K, reserved 1087488K
  class space    used 5390K, capacity 5932K, committed 6016K, reserved 1048576K
}
Event: 8.378 GC heap after
{Heap after GC invocations=10 (full 0):
 garbage-first heap   total 157696K, used 17458K [0x0000000081600000, 0x0000000100000000)
  region size 1024K, 10 young (10240K), 10 survivors (10240K)
 Metaspace       used 42933K, capacity 44275K, committed 44408K, reserved 1087488K
  class space    used 5390K, capacity 5932K, committed 6016K, reserved 1048576K
}
Event: 12.161 GC heap before
{Heap before GC invocations=10 (full 0):
 garbage-first heap   total 157696K, used 101426K [0x0000000081600000, 0x0000000100000000)
  region size 1024K, 92 young (94208K), 10 survivors (10240K)
 Metaspace       used 54201K, capacity 55531K, committed 55672K, reserved 1097728K
  class space    used 7008K, capacity 7545K, committed 7552K, reserved 1048576K
}
Event: 12.186 GC heap after
{Heap after GC invocations=11 (full 0):
 garbage-first heap   total 157696K, used 20143K [0x0000000081600000, 0x0000000100000000)
  region size 1024K, 9 young (9216K), 9 survivors (9216K)
 Metaspace       used 54201K, capacity 55531K, committed 55672K, reserved 1097728K
  class space    used 7008K, capacity 7545K, committed 7552K, reserved 1048576K
}
Event: 13.428 GC heap before
{Heap before GC invocations=11 (full 0):
 garbage-first heap   total 157696K, used 59055K [0x0000000081600000, 0x0000000100000000)
  region size 1024K, 48 young (49152K), 9 survivors (9216K)
 Metaspace       used 58285K, capacity 59853K, committed 59936K, reserved 1101824K
  class space    used 7558K, capacity 8201K, committed 8232K, reserved 1048576K
}
Event: 13.453 GC heap after
{Heap after GC invocations=12 (full 0):
 garbage-first heap   total 189440K, used 22027K [0x0000000081600000, 0x0000000100000000)
  region size 1024K, 5 young (5120K), 5 survivors (5120K)
 Metaspace       used 58285K, capacity 59853K, committed 59936K, reserved 1101824K
  class space    used 7558K, capacity 8201K, committed 8232K, reserved 1048576K
}
Event: 15.994 GC heap before
{Heap before GC invocations=13 (full 0):
 garbage-first heap   total 189440K, used 123403K [0x0000000081600000, 0x0000000100000000)
  region size 1024K, 104 young (106496K), 5 survivors (5120K)
 Metaspace       used 62611K, capacity 64516K, committed 64544K, reserved 1105920K
  class space    used 8190K, capacity 8980K, committed 9000K, reserved 1048576K
}
Event: 16.019 GC heap after
{Heap after GC invocations=14 (full 0):
 garbage-first heap   total 189440K, used 28171K [0x0000000081600000, 0x0000000100000000)
  region size 1024K, 11 young (11264K), 11 survivors (11264K)
 Metaspace       used 62611K, capacity 64516K, committed 64544K, reserved 1105920K
  class space    used 8190K, capacity 8980K, committed 9000K, reserved 1048576K
}

