# JRE version: Java(TM) SE Runtime Environment 18.9 (11.0.12+8) (build 11.0.12+8-LTS-237)
# Java VM: Java HotSpot(TM) 64-Bit Server VM 18.9 (11.0.12+8-LTS-237, mixed mode, tiered, compressed oops, g1 gc, windows-amd64)
Heap:
 garbage-first heap   total 189440K, used 72407K [0x0000000081600000, 0x0000000100000000)
  region size 1024K, 59 young (60416K), 8 survivors (8192K)
 Metaspace       used 63047K, capacity 64690K, committed 64896K, reserved 1107968K
  class space    used 8185K, capacity 8829K, committed 8832K, reserved 1048576K
GC Heap History (10 events):
Event: 4.189 GC heap before
{Heap before GC invocations=6 (full 0):
 garbage-first heap   total 131072K, used 66570K [0x0000000081600000, 0x0000000100000000)
  region size 1024K, 60 young (61440K), 4 survivors (4096K)
 Metaspace       used 28842K, capacity 29481K, committed 29568K, reserved 1075200K
  class space    used 3347K, capacity 3625K, committed 3712K, reserved 1048576K
}
Event: 4.199 GC heap after
{Heap after GC invocations=7 (full 0):
 garbage-first heap   total 157696K, used 11800K [0x0000000081600000, 0x0000000100000000)
  region size 1024K, 6 young (6144K), 6 survivors (6144K)
 Metaspace       used 28842K, capacity 29481K, committed 29568K, reserved 1075200K
  class space    used 3347K, capacity 3625K, committed 3712K, reserved 1048576K
}
Event: 5.659 GC heap before
{Heap before GC invocations=7 (full 0):
 garbage-first heap   total 157696K, used 59928K [0x0000000081600000, 0x0000000100000000)
  region size 1024K, 55 young (56320K), 6 survivors (6144K)
 Metaspace       used 34859K, capacity 35718K, committed 35840K, reserved 1081344K
  class space    used 4185K, capacity 4538K, committed 4608K, reserved 1048576K
}
Event: 5.674 GC heap after
{Heap after GC invocations=8 (full 0):
 garbage-first heap   total 157696K, used 13987K [0x0000000081600000, 0x0000000100000000)
  region size 1024K, 8 young (8192K), 8 survivors (8192K)
 Metaspace       used 34859K, capacity 35718K, committed 35840K, reserved 1081344K
  class space    used 4185K, capacity 4538K, committed 4608K, reserved 1048576K
}
Event: 7.267 GC heap before
{Heap before GC invocations=9 (full 0):
 garbage-first heap   total 157696K, used 94883K [0x0000000081600000, 0x0000000100000000)
  region size 1024K, 88 young (90112K), 8 survivors (8192K)
 Metaspace       used 41202K, capacity 42304K, committed 42624K, reserved 1087488K
  class space    used 4982K, capacity 5434K, committed 5504K, reserved 1048576K
}
Event: 7.283 GC heap after
{Heap after GC invocations=10 (full 0):
 garbage-first heap   total 157696K, used 17270K [0x0000000081600000, 0x0000000100000000)
  region size 1024K, 9 young (9216K), 9 survivors (9216K)
 Metaspace       used 41202K, capacity 42304K, committed 42624K, reserved 1087488K
  class space    used 4982K, capacity 5434K, committed 5504K, reserved 1048576K
}
Event: 9.376 GC heap before
{Heap before GC invocations=10 (full 0):
 garbage-first heap   total 157696K, used 102262K [0x0000000081600000, 0x0000000100000000)
  region size 1024K, 92 young (94208K), 9 survivors (9216K)
 Metaspace       used 54045K, capacity 55369K, committed 55552K, reserved 1097728K
  class space    used 6885K, capacity 7417K, committed 7424K, reserved 1048576K
}
Event: 9.393 GC heap after
{Heap after GC invocations=11 (full 0):
 garbage-first heap   total 157696K, used 19765K [0x0000000081600000, 0x0000000100000000)
  region size 1024K, 9 young (9216K), 9 survivors (9216K)
 Metaspace       used 54045K, capacity 55369K, committed 55552K, reserved 1097728K
  class space    used 6885K, capacity 7417K, committed 7424K, reserved 1048576K
}
Event: 10.076 GC heap before
{Heap before GC invocations=11 (full 0):
 garbage-first heap   total 157696K, used 52533K [0x0000000081600000, 0x0000000100000000)
  region size 1024K, 42 young (43008K), 9 survivors (9216K)
 Metaspace       used 58599K, capacity 60070K, committed 60160K, reserved 1101824K
  class space    used 7524K, capacity 8131K, committed 8192K, reserved 1048576K
}
Event: 10.093 GC heap after
{Heap after GC invocations=12 (full 0):
 garbage-first heap   total 189440K, used 21207K [0x0000000081600000, 0x0000000100000000)
  region size 1024K, 8 young (8192K), 8 survivors (8192K)
 Metaspace       used 58599K, capacity 60070K, committed 60160K, reserved 1101824K
  class space    used 7524K, capacity 8131K, committed 8192K, reserved 1048576K
}

