# JRE version: Java(TM) SE Runtime Environment 18.9 (11.0.12+8) (build 11.0.12+8-LTS-237)
# Java VM: Java HotSpot(TM) 64-Bit Server VM 18.9 (11.0.12+8-LTS-237, mixed mode, tiered, compressed oops, g1 gc, windows-amd64)
Heap:
 garbage-first heap   total 157696K, used 57339K [0x0000000081600000, 0x0000000100000000)
  region size 1024K, 50 young (51200K), 10 survivors (10240K)
 Metaspace       used 49041K, capacity 50391K, committed 50688K, reserved 1093632K
  class space    used 6275K, capacity 6819K, committed 6912K, reserved 1048576K
GC Heap History (10 events):
Event: 2.490 GC heap before
{Heap before GC invocations=3 (full 0):
 garbage-first heap   total 131072K, used 39928K [0x0000000081600000, 0x0000000100000000)
  region size 1024K, 34 young (34816K), 2 survivors (2048K)
 Metaspace       used 20398K, capacity 21067K, committed 21248K, reserved 1069056K
  class space    used 2275K, capacity 2541K, committed 2560K, reserved 1048576K
}
Event: 2.497 GC heap after
{Heap after GC invocations=4 (full 0):
 garbage-first heap   total 131072K, used 9609K [0x0000000081600000, 0x0000000100000000)
  region size 1024K, 3 young (3072K), 3 survivors (3072K)
 Metaspace       used 20398K, capacity 21067K, committed 21248K, reserved 1069056K
  class space    used 2275K, capacity 2541K, committed 2560K, reserved 1048576K
}
Event: 3.590 GC heap before
{Heap before GC invocations=5 (full 0):
 garbage-first heap   total 131072K, used 83337K [0x0000000081600000, 0x0000000100000000)
  region size 1024K, 76 young (77824K), 3 survivors (3072K)
 Metaspace       used 26480K, capacity 27344K, committed 27392K, reserved 1073152K
  class space    used 3197K, capacity 3561K, committed 3584K, reserved 1048576K
}
Event: 3.619 GC heap after
{Heap after GC invocations=6 (full 0):
 garbage-first heap   total 157696K, used 11609K [0x0000000081600000, 0x0000000100000000)
  region size 1024K, 5 young (5120K), 5 survivors (5120K)
 Metaspace       used 26480K, capacity 27344K, committed 27392K, reserved 1073152K
  class space    used 3197K, capacity 3561K, committed 3584K, reserved 1048576K
}
Event: 5.015 GC heap before
{Heap before GC invocations=6 (full 0):
 garbage-first heap   total 157696K, used 98649K [0x0000000081600000, 0x0000000100000000)
  region size 1024K, 91 young (93184K), 5 survivors (5120K)
 Metaspace       used 34340K, capacity 35400K, committed 35584K, reserved 1081344K
  class space    used 4139K, capacity 4560K, committed 4608K, reserved 1048576K
}
Event: 5.026 GC heap after
{Heap after GC invocations=7 (full 0):
 garbage-first heap   total 157696K, used 13752K [0x0000000081600000, 0x0000000100000000)
  region size 1024K, 7 young (7168K), 7 survivors (7168K)
 Metaspace       used 34340K, capacity 35400K, committed 35584K, reserved 1081344K
  class space    used 4139K, capacity 4560K, committed 4608K, reserved 1048576K
}
Event: 5.053 GC heap before
{Heap before GC invocations=7 (full 0):
 garbage-first heap   total 157696K, used 13752K [0x0000000081600000, 0x0000000100000000)
  region size 1024K, 8 young (8192K), 7 survivors (7168K)
 Metaspace       used 34499K, capacity 35498K, committed 35584K, reserved 1081344K
  class space    used 4161K, capacity 4572K, committed 4608K, reserved 1048576K
}
Event: 5.070 GC heap after
{Heap after GC invocations=8 (full 0):
 garbage-first heap   total 157696K, used 13544K [0x0000000081600000, 0x0000000100000000)
  region size 1024K, 6 young (6144K), 6 survivors (6144K)
 Metaspace       used 34499K, capacity 35498K, committed 35584K, reserved 1081344K
  class space    used 4161K, capacity 4572K, committed 4608K, reserved 1048576K
}
Event: 6.929 GC heap before
{Heap before GC invocations=9 (full 0):
 garbage-first heap   total 157696K, used 101608K [0x0000000081600000, 0x0000000100000000)
  region size 1024K, 92 young (94208K), 6 survivors (6144K)
 Metaspace       used 42524K, capacity 43799K, committed 44032K, reserved 1087488K
  class space    used 5328K, capacity 5858K, committed 5888K, reserved 1048576K
}
Event: 6.948 GC heap after
{Heap after GC invocations=10 (full 0):
 garbage-first heap   total 157696K, used 17403K [0x0000000081600000, 0x0000000100000000)
  region size 1024K, 10 young (10240K), 10 survivors (10240K)
 Metaspace       used 42524K, capacity 43799K, committed 44032K, reserved 1087488K
  class space    used 5328K, capacity 5858K, committed 5888K, reserved 1048576K
}

